<?xml version="1.0" encoding="UTF-8"?>
<coverage generated="1524116271948" clover="3.2.0">
  <project timestamp="1524116271948" name="All files">
    <metrics statements="76" coveredstatements="29" conditionals="24" coveredconditionals="3" methods="34" coveredmethods="17" elements="134" coveredelements="49" complexity="0" loc="76" ncloc="76" packages="2" files="10" classes="10">
      <package name="campaign-module">
        <metrics statements="1" coveredstatements="1" conditionals="0" coveredconditionals="0" methods="0" coveredmethods="0"/>
        <file name="test-setup.js" path="/Users/ryan/Desktop/Hack_Reactor/campaign-module/test-setup.js">
          <metrics statements="1" coveredstatements="1" conditionals="0" coveredconditionals="0" methods="0" coveredmethods="0"/>
          <line num="4" count="8" type="stmt"/>
        </file>
      </package>
      <package name="campaign-module.client.src.components">
        <metrics statements="75" coveredstatements="28" conditionals="24" coveredconditionals="3" methods="34" coveredmethods="17"/>
        <file name="About.jsx" path="/Users/ryan/Desktop/Hack_Reactor/campaign-module/client/src/components/About.jsx">
          <metrics statements="6" coveredstatements="5" conditionals="0" coveredconditionals="0" methods="5" coveredmethods="4"/>
          <line num="7" count="1" type="stmt"/>
          <line num="8" count="1" type="stmt"/>
          <line num="14" count="1" type="stmt"/>
          <line num="16" count="0" type="stmt"/>
          <line num="19" count="1" type="stmt"/>
          <line num="24" count="1" type="stmt"/>
        </file>
        <file name="CurrentLevels.jsx" path="/Users/ryan/Desktop/Hack_Reactor/campaign-module/client/src/components/CurrentLevels.jsx">
          <metrics statements="4" coveredstatements="1" conditionals="2" coveredconditionals="0" methods="3" coveredmethods="1"/>
          <line num="6" count="1" type="stmt"/>
          <line num="9" count="0" type="cond" truecount="0" falsecount="2"/>
          <line num="10" count="0" type="stmt"/>
          <line num="12" count="0" type="stmt"/>
        </file>
        <file name="FullLevels.jsx" path="/Users/ryan/Desktop/Hack_Reactor/campaign-module/client/src/components/FullLevels.jsx">
          <metrics statements="3" coveredstatements="1" conditionals="0" coveredconditionals="0" methods="3" coveredmethods="1"/>
          <line num="7" count="1" type="stmt"/>
          <line num="11" count="0" type="stmt"/>
          <line num="20" count="0" type="stmt"/>
        </file>
        <file name="LevelBackersSection.jsx" path="/Users/ryan/Desktop/Hack_Reactor/campaign-module/client/src/components/LevelBackersSection.jsx">
          <metrics statements="11" coveredstatements="0" conditionals="10" coveredconditionals="0" methods="1" coveredmethods="0"/>
          <line num="5" count="0" type="cond" truecount="0" falsecount="2"/>
          <line num="6" count="0" type="cond" truecount="0" falsecount="2"/>
          <line num="7" count="0" type="stmt"/>
          <line num="15" count="0" type="stmt"/>
          <line num="23" count="0" type="cond" truecount="0" falsecount="2"/>
          <line num="24" count="0" type="cond" truecount="0" falsecount="2"/>
          <line num="25" count="0" type="stmt"/>
          <line num="36" count="0" type="stmt"/>
          <line num="48" count="0" type="cond" truecount="0" falsecount="2"/>
          <line num="49" count="0" type="stmt"/>
          <line num="60" count="0" type="stmt"/>
        </file>
        <file name="Levels.jsx" path="/Users/ryan/Desktop/Hack_Reactor/campaign-module/client/src/components/Levels.jsx">
          <metrics statements="1" coveredstatements="1" conditionals="0" coveredconditionals="0" methods="1" coveredmethods="1"/>
          <line num="7" count="1" type="stmt"/>
        </file>
        <file name="PledgeBox.jsx" path="/Users/ryan/Desktop/Hack_Reactor/campaign-module/client/src/components/PledgeBox.jsx">
          <metrics statements="17" coveredstatements="7" conditionals="2" coveredconditionals="1" methods="8" coveredmethods="2"/>
          <line num="9" count="1" type="stmt"/>
          <line num="10" count="1" type="stmt"/>
          <line num="15" count="1" type="stmt"/>
          <line num="16" count="1" type="stmt"/>
          <line num="17" count="1" type="stmt"/>
          <line num="18" count="1" type="stmt"/>
          <line num="22" count="0" type="stmt"/>
          <line num="26" count="0" type="stmt"/>
          <line num="31" count="0" type="stmt"/>
          <line num="37" count="0" type="stmt"/>
          <line num="38" count="0" type="stmt"/>
          <line num="39" count="0" type="stmt"/>
          <line num="40" count="0" type="stmt"/>
          <line num="41" count="0" type="stmt"/>
          <line num="44" count="0" type="stmt"/>
          <line num="47" count="0" type="stmt"/>
          <line num="52" count="1" type="stmt"/>
        </file>
        <file name="PledgeInputArea.jsx" path="/Users/ryan/Desktop/Hack_Reactor/campaign-module/client/src/components/PledgeInputArea.jsx">
          <metrics statements="10" coveredstatements="5" conditionals="6" coveredconditionals="2" methods="6" coveredmethods="3"/>
          <line num="8" count="1" type="stmt"/>
          <line num="9" count="1" type="stmt"/>
          <line num="11" count="1" type="stmt"/>
          <line num="15" count="1" type="stmt"/>
          <line num="19" count="0" type="stmt"/>
          <line num="23" count="0" type="cond" truecount="0" falsecount="2"/>
          <line num="24" count="0" type="stmt"/>
          <line num="26" count="0" type="stmt"/>
          <line num="31" count="1" type="stmt"/>
          <line num="32" count="0" type="stmt"/>
        </file>
        <file name="SingleCurrentLevel.jsx" path="/Users/ryan/Desktop/Hack_Reactor/campaign-module/client/src/components/SingleCurrentLevel.jsx">
          <metrics statements="2" coveredstatements="1" conditionals="0" coveredconditionals="0" methods="2" coveredmethods="1"/>
          <line num="7" count="1" type="stmt"/>
          <line num="16" count="0" type="stmt"/>
        </file>
        <file name="Support.jsx" path="/Users/ryan/Desktop/Hack_Reactor/campaign-module/client/src/components/Support.jsx">
          <metrics statements="21" coveredstatements="7" conditionals="4" coveredconditionals="0" methods="5" coveredmethods="4"/>
          <line num="9" count="1" type="stmt"/>
          <line num="10" count="1" type="stmt"/>
          <line num="16" count="1" type="stmt"/>
          <line num="20" count="1" type="stmt"/>
          <line num="22" count="0" type="stmt"/>
          <line num="23" count="0" type="stmt"/>
          <line num="24" count="0" type="stmt"/>
          <line num="25" count="0" type="stmt"/>
          <line num="26" count="0" type="stmt"/>
          <line num="27" count="0" type="stmt"/>
          <line num="28" count="0" type="cond" truecount="0" falsecount="2"/>
          <line num="29" count="0" type="stmt"/>
          <line num="30" count="0" type="cond" truecount="0" falsecount="2"/>
          <line num="31" count="0" type="stmt"/>
          <line num="32" count="0" type="stmt"/>
          <line num="34" count="0" type="stmt"/>
          <line num="35" count="0" type="stmt"/>
          <line num="38" count="0" type="stmt"/>
          <line num="41" count="1" type="stmt"/>
          <line num="42" count="1" type="stmt"/>
          <line num="47" count="1" type="stmt"/>
        </file>
      </package>
    </metrics>
  </project>
</coverage>
