{"/Users/ryan/Desktop/Hack_Reactor/campaign-module/test-setup.js": {"path":"/Users/ryan/Desktop/Hack_Reactor/campaign-module/test-setup.js","statementMap":{"0":{"start":{"line":4,"column":0},"end":{"line":4,"column":38}}},"fnMap":{},"branchMap":{},"s":{"0":8},"f":{},"b":{},"_coverageSchema":"332fd63041d2c1bcb487cc26dd0d5f7d97098a6c","hash":"12199daa185d93f5173c0e59538bd3fffdf40c17"}
,"/Users/ryan/Desktop/Hack_Reactor/campaign-module/client/src/components/About.jsx": {"path":"/Users/ryan/Desktop/Hack_Reactor/campaign-module/client/src/components/About.jsx","statementMap":{"0":{"start":{"line":7,"column":2},"end":{"line":7,"column":15}},"1":{"start":{"line":8,"column":2},"end":{"line":10,"column":3}},"2":{"start":{"line":14,"column":2},"end":{"line":20,"column":4}},"3":{"start":{"line":16,"column":3},"end":{"line":16,"column":43}},"4":{"start":{"line":19,"column":3},"end":{"line":19,"column":29}},"5":{"start":{"line":24,"column":2},"end":{"line":31,"column":3}}},"fnMap":{"0":{"name":"(anonymous_0)","decl":{"start":{"line":6,"column":1},"end":{"line":6,"column":2}},"loc":{"start":{"line":6,"column":19},"end":{"line":11,"column":2}},"line":6},"1":{"name":"(anonymous_1)","decl":{"start":{"line":13,"column":1},"end":{"line":13,"column":2}},"loc":{"start":{"line":13,"column":21},"end":{"line":21,"column":2}},"line":13},"2":{"name":"(anonymous_2)","decl":{"start":{"line":15,"column":8},"end":{"line":15,"column":9}},"loc":{"start":{"line":15,"column":18},"end":{"line":17,"column":3}},"line":15},"3":{"name":"(anonymous_3)","decl":{"start":{"line":18,"column":9},"end":{"line":18,"column":10}},"loc":{"start":{"line":18,"column":16},"end":{"line":20,"column":3}},"line":18},"4":{"name":"(anonymous_4)","decl":{"start":{"line":23,"column":1},"end":{"line":23,"column":2}},"loc":{"start":{"line":23,"column":10},"end":{"line":32,"column":2}},"line":23}},"branchMap":{},"s":{"0":1,"1":1,"2":1,"3":0,"4":1,"5":1},"f":{"0":1,"1":1,"2":0,"3":1,"4":1},"b":{},"_coverageSchema":"332fd63041d2c1bcb487cc26dd0d5f7d97098a6c","hash":"67636ea22753613eb48b24548ca2eb51502dface"}
,"/Users/ryan/Desktop/Hack_Reactor/campaign-module/client/src/components/CurrentLevels.jsx": {"path":"/Users/ryan/Desktop/Hack_Reactor/campaign-module/client/src/components/CurrentLevels.jsx","statementMap":{"0":{"start":{"line":6,"column":1},"end":{"line":16,"column":2}},"1":{"start":{"line":9,"column":4},"end":{"line":13,"column":5}},"2":{"start":{"line":9,"column":51},"end":{"line":9,"column":83}},"3":{"start":{"line":10,"column":5},"end":{"line":10,"column":112}},"4":{"start":{"line":12,"column":5},"end":{"line":12,"column":112}}},"fnMap":{"0":{"name":"CurrentLevels","decl":{"start":{"line":5,"column":9},"end":{"line":5,"column":22}},"loc":{"start":{"line":5,"column":30},"end":{"line":17,"column":1}},"line":5},"1":{"name":"(anonymous_1)","decl":{"start":{"line":8,"column":31},"end":{"line":8,"column":32}},"loc":{"start":{"line":8,"column":40},"end":{"line":14,"column":4}},"line":8},"2":{"name":"(anonymous_2)","decl":{"start":{"line":9,"column":35},"end":{"line":9,"column":36}},"loc":{"start":{"line":9,"column":51},"end":{"line":9,"column":83}},"line":9}},"branchMap":{"0":{"loc":{"start":{"line":9,"column":4},"end":{"line":13,"column":5}},"type":"if","locations":[{"start":{"line":9,"column":4},"end":{"line":13,"column":5}},{"start":{"line":9,"column":4},"end":{"line":13,"column":5}}],"line":9}},"s":{"0":1,"1":0,"2":0,"3":0,"4":0},"f":{"0":1,"1":0,"2":0},"b":{"0":[0,0]},"_coverageSchema":"332fd63041d2c1bcb487cc26dd0d5f7d97098a6c","hash":"31a2a2061434b2e7d72efd0d56d4d7d3a6c1edfe"}
,"/Users/ryan/Desktop/Hack_Reactor/campaign-module/client/src/components/FullLevels.jsx": {"path":"/Users/ryan/Desktop/Hack_Reactor/campaign-module/client/src/components/FullLevels.jsx","statementMap":{"0":{"start":{"line":7,"column":1},"end":{"line":39,"column":2}},"1":{"start":{"line":11,"column":4},"end":{"line":36,"column":5}},"2":{"start":{"line":20,"column":37},"end":{"line":20,"column":83}}},"fnMap":{"0":{"name":"FullLevels","decl":{"start":{"line":6,"column":9},"end":{"line":6,"column":19}},"loc":{"start":{"line":6,"column":27},"end":{"line":40,"column":1}},"line":6},"1":{"name":"(anonymous_1)","decl":{"start":{"line":10,"column":25},"end":{"line":10,"column":26}},"loc":{"start":{"line":10,"column":34},"end":{"line":37,"column":4}},"line":10},"2":{"name":"(anonymous_2)","decl":{"start":{"line":20,"column":29},"end":{"line":20,"column":30}},"loc":{"start":{"line":20,"column":37},"end":{"line":20,"column":83}},"line":20}},"branchMap":{},"s":{"0":1,"1":0,"2":0},"f":{"0":1,"1":0,"2":0},"b":{},"_coverageSchema":"332fd63041d2c1bcb487cc26dd0d5f7d97098a6c","hash":"a62a58924c51907a5677dc3b032c77522b2de839"}
,"/Users/ryan/Desktop/Hack_Reactor/campaign-module/client/src/components/LevelBackersSection.jsx": {"path":"/Users/ryan/Desktop/Hack_Reactor/campaign-module/client/src/components/LevelBackersSection.jsx","statementMap":{"0":{"start":{"line":5,"column":1},"end":{"line":71,"column":2}},"1":{"start":{"line":6,"column":2},"end":{"line":22,"column":3}},"2":{"start":{"line":7,"column":3},"end":{"line":13,"column":4}},"3":{"start":{"line":15,"column":3},"end":{"line":21,"column":4}},"4":{"start":{"line":23,"column":8},"end":{"line":71,"column":2}},"5":{"start":{"line":24,"column":2},"end":{"line":46,"column":3}},"6":{"start":{"line":25,"column":3},"end":{"line":34,"column":4}},"7":{"start":{"line":36,"column":3},"end":{"line":45,"column":4}},"8":{"start":{"line":48,"column":2},"end":{"line":70,"column":3}},"9":{"start":{"line":49,"column":3},"end":{"line":58,"column":4}},"10":{"start":{"line":60,"column":3},"end":{"line":69,"column":4}}},"fnMap":{"0":{"name":"LevelBackersSection","decl":{"start":{"line":4,"column":9},"end":{"line":4,"column":28}},"loc":{"start":{"line":4,"column":36},"end":{"line":72,"column":1}},"line":4}},"branchMap":{"0":{"loc":{"start":{"line":5,"column":1},"end":{"line":71,"column":2}},"type":"if","locations":[{"start":{"line":5,"column":1},"end":{"line":71,"column":2}},{"start":{"line":5,"column":1},"end":{"line":71,"column":2}}],"line":5},"1":{"loc":{"start":{"line":6,"column":2},"end":{"line":22,"column":3}},"type":"if","locations":[{"start":{"line":6,"column":2},"end":{"line":22,"column":3}},{"start":{"line":6,"column":2},"end":{"line":22,"column":3}}],"line":6},"2":{"loc":{"start":{"line":23,"column":8},"end":{"line":71,"column":2}},"type":"if","locations":[{"start":{"line":23,"column":8},"end":{"line":71,"column":2}},{"start":{"line":23,"column":8},"end":{"line":71,"column":2}}],"line":23},"3":{"loc":{"start":{"line":24,"column":2},"end":{"line":46,"column":3}},"type":"if","locations":[{"start":{"line":24,"column":2},"end":{"line":46,"column":3}},{"start":{"line":24,"column":2},"end":{"line":46,"column":3}}],"line":24},"4":{"loc":{"start":{"line":48,"column":2},"end":{"line":70,"column":3}},"type":"if","locations":[{"start":{"line":48,"column":2},"end":{"line":70,"column":3}},{"start":{"line":48,"column":2},"end":{"line":70,"column":3}}],"line":48}},"s":{"0":0,"1":0,"2":0,"3":0,"4":0,"5":0,"6":0,"7":0,"8":0,"9":0,"10":0},"f":{"0":0},"b":{"0":[0,0],"1":[0,0],"2":[0,0],"3":[0,0],"4":[0,0]},"_coverageSchema":"332fd63041d2c1bcb487cc26dd0d5f7d97098a6c","hash":"d8e012c9a479f47307261bc3dcc6ea5f95bf3cad"}
,"/Users/ryan/Desktop/Hack_Reactor/campaign-module/client/src/components/Levels.jsx": {"path":"/Users/ryan/Desktop/Hack_Reactor/campaign-module/client/src/components/Levels.jsx","statementMap":{"0":{"start":{"line":7,"column":1},"end":{"line":12,"column":2}}},"fnMap":{"0":{"name":"Levels","decl":{"start":{"line":6,"column":9},"end":{"line":6,"column":15}},"loc":{"start":{"line":6,"column":23},"end":{"line":13,"column":1}},"line":6}},"branchMap":{},"s":{"0":1},"f":{"0":1},"b":{},"_coverageSchema":"332fd63041d2c1bcb487cc26dd0d5f7d97098a6c","hash":"933b62c237863b16a9a9e71f87973cce76f116f7"}
,"/Users/ryan/Desktop/Hack_Reactor/campaign-module/client/src/components/PledgeBox.jsx": {"path":"/Users/ryan/Desktop/Hack_Reactor/campaign-module/client/src/components/PledgeBox.jsx","statementMap":{"0":{"start":{"line":9,"column":2},"end":{"line":9,"column":15}},"1":{"start":{"line":10,"column":2},"end":{"line":14,"column":3}},"2":{"start":{"line":15,"column":2},"end":{"line":15,"column":61}},"3":{"start":{"line":16,"column":2},"end":{"line":16,"column":63}},"4":{"start":{"line":17,"column":2},"end":{"line":17,"column":77}},"5":{"start":{"line":18,"column":2},"end":{"line":18,"column":67}},"6":{"start":{"line":22,"column":2},"end":{"line":22,"column":45}},"7":{"start":{"line":26,"column":2},"end":{"line":26,"column":42}},"8":{"start":{"line":31,"column":2},"end":{"line":31,"column":73}},"9":{"start":{"line":37,"column":29},"end":{"line":37,"column":31}},"10":{"start":{"line":38,"column":2},"end":{"line":38,"column":54}},"11":{"start":{"line":39,"column":2},"end":{"line":39,"column":56}},"12":{"start":{"line":40,"column":2},"end":{"line":40,"column":65}},"13":{"start":{"line":41,"column":2},"end":{"line":48,"column":4}},"14":{"start":{"line":44,"column":3},"end":{"line":44,"column":38}},"15":{"start":{"line":47,"column":3},"end":{"line":47,"column":29}},"16":{"start":{"line":52,"column":2},"end":{"line":66,"column":3}}},"fnMap":{"0":{"name":"(anonymous_0)","decl":{"start":{"line":8,"column":1},"end":{"line":8,"column":2}},"loc":{"start":{"line":8,"column":19},"end":{"line":19,"column":2}},"line":8},"1":{"name":"(anonymous_1)","decl":{"start":{"line":21,"column":1},"end":{"line":21,"column":2}},"loc":{"start":{"line":21,"column":22},"end":{"line":23,"column":2}},"line":21},"2":{"name":"(anonymous_2)","decl":{"start":{"line":25,"column":1},"end":{"line":25,"column":2}},"loc":{"start":{"line":25,"column":22},"end":{"line":27,"column":2}},"line":25},"3":{"name":"(anonymous_3)","decl":{"start":{"line":29,"column":1},"end":{"line":29,"column":2}},"loc":{"start":{"line":29,"column":25},"end":{"line":34,"column":2}},"line":29},"4":{"name":"(anonymous_4)","decl":{"start":{"line":36,"column":1},"end":{"line":36,"column":2}},"loc":{"start":{"line":36,"column":29},"end":{"line":49,"column":2}},"line":36},"5":{"name":"(anonymous_5)","decl":{"start":{"line":42,"column":8},"end":{"line":42,"column":9}},"loc":{"start":{"line":42,"column":20},"end":{"line":45,"column":3}},"line":42},"6":{"name":"(anonymous_6)","decl":{"start":{"line":46,"column":9},"end":{"line":46,"column":10}},"loc":{"start":{"line":46,"column":16},"end":{"line":48,"column":3}},"line":46},"7":{"name":"(anonymous_7)","decl":{"start":{"line":51,"column":1},"end":{"line":51,"column":2}},"loc":{"start":{"line":51,"column":10},"end":{"line":67,"column":2}},"line":51}},"branchMap":{"0":{"loc":{"start":{"line":62,"column":101},"end":{"line":62,"column":202}},"type":"cond-expr","locations":[{"start":{"line":62,"column":136},"end":{"line":62,"column":169}},{"start":{"line":62,"column":172},"end":{"line":62,"column":202}}],"line":62}},"s":{"0":1,"1":1,"2":1,"3":1,"4":1,"5":1,"6":0,"7":0,"8":0,"9":0,"10":0,"11":0,"12":0,"13":0,"14":0,"15":0,"16":1},"f":{"0":1,"1":0,"2":0,"3":0,"4":0,"5":0,"6":0,"7":1},"b":{"0":[0,1]},"_coverageSchema":"332fd63041d2c1bcb487cc26dd0d5f7d97098a6c","hash":"c55d24f3f65eb38390714daec8f96532b676e458"}
,"/Users/ryan/Desktop/Hack_Reactor/campaign-module/client/src/components/PledgeInputArea.jsx": {"path":"/Users/ryan/Desktop/Hack_Reactor/campaign-module/client/src/components/PledgeInputArea.jsx","statementMap":{"0":{"start":{"line":8,"column":2},"end":{"line":8,"column":15}},"1":{"start":{"line":9,"column":2},"end":{"line":10,"column":3}},"2":{"start":{"line":11,"column":2},"end":{"line":11,"column":49}},"3":{"start":{"line":15,"column":2},"end":{"line":15,"column":66}},"4":{"start":{"line":19,"column":2},"end":{"line":19,"column":69}},"5":{"start":{"line":23,"column":2},"end":{"line":25,"column":3}},"6":{"start":{"line":24,"column":3},"end":{"line":24,"column":10}},"7":{"start":{"line":26,"column":2},"end":{"line":26,"column":34}},"8":{"start":{"line":31,"column":2},"end":{"line":38,"column":3}},"9":{"start":{"line":32,"column":22},"end":{"line":32,"column":38}}},"fnMap":{"0":{"name":"(anonymous_0)","decl":{"start":{"line":7,"column":1},"end":{"line":7,"column":2}},"loc":{"start":{"line":7,"column":19},"end":{"line":12,"column":2}},"line":7},"1":{"name":"(anonymous_1)","decl":{"start":{"line":14,"column":1},"end":{"line":14,"column":2}},"loc":{"start":{"line":14,"column":22},"end":{"line":16,"column":2}},"line":14},"2":{"name":"(anonymous_2)","decl":{"start":{"line":18,"column":1},"end":{"line":18,"column":2}},"loc":{"start":{"line":18,"column":24},"end":{"line":20,"column":2}},"line":18},"3":{"name":"(anonymous_3)","decl":{"start":{"line":22,"column":1},"end":{"line":22,"column":2}},"loc":{"start":{"line":22,"column":16},"end":{"line":27,"column":2}},"line":22},"4":{"name":"(anonymous_4)","decl":{"start":{"line":30,"column":1},"end":{"line":30,"column":2}},"loc":{"start":{"line":30,"column":10},"end":{"line":39,"column":2}},"line":30},"5":{"name":"(anonymous_5)","decl":{"start":{"line":32,"column":13},"end":{"line":32,"column":14}},"loc":{"start":{"line":32,"column":21},"end":{"line":32,"column":39}},"line":32}},"branchMap":{"0":{"loc":{"start":{"line":23,"column":2},"end":{"line":25,"column":3}},"type":"if","locations":[{"start":{"line":23,"column":2},"end":{"line":25,"column":3}},{"start":{"line":23,"column":2},"end":{"line":25,"column":3}}],"line":23},"1":{"loc":{"start":{"line":34,"column":57},"end":{"line":34,"column":151}},"type":"cond-expr","locations":[{"start":{"line":34,"column":89},"end":{"line":34,"column":117}},{"start":{"line":34,"column":120},"end":{"line":34,"column":151}}],"line":34},"2":{"loc":{"start":{"line":35,"column":61},"end":{"line":35,"column":155}},"type":"cond-expr","locations":[{"start":{"line":35,"column":93},"end":{"line":35,"column":121}},{"start":{"line":35,"column":124},"end":{"line":35,"column":155}}],"line":35}},"s":{"0":1,"1":1,"2":1,"3":1,"4":0,"5":0,"6":0,"7":0,"8":1,"9":0},"f":{"0":1,"1":1,"2":0,"3":0,"4":1,"5":0},"b":{"0":[0,0],"1":[0,1],"2":[0,1]},"_coverageSchema":"332fd63041d2c1bcb487cc26dd0d5f7d97098a6c","hash":"294c5653070316dc8736cc783d85b665fcb9bec2"}
,"/Users/ryan/Desktop/Hack_Reactor/campaign-module/client/src/components/SingleCurrentLevel.jsx": {"path":"/Users/ryan/Desktop/Hack_Reactor/campaign-module/client/src/components/SingleCurrentLevel.jsx","statementMap":{"0":{"start":{"line":7,"column":1},"end":{"line":32,"column":2}},"1":{"start":{"line":16,"column":40},"end":{"line":16,"column":86}}},"fnMap":{"0":{"name":"SingleCurrentLevel","decl":{"start":{"line":6,"column":9},"end":{"line":6,"column":27}},"loc":{"start":{"line":6,"column":35},"end":{"line":33,"column":1}},"line":6},"1":{"name":"(anonymous_1)","decl":{"start":{"line":16,"column":32},"end":{"line":16,"column":33}},"loc":{"start":{"line":16,"column":40},"end":{"line":16,"column":86}},"line":16}},"branchMap":{},"s":{"0":1,"1":0},"f":{"0":1,"1":0},"b":{},"_coverageSchema":"332fd63041d2c1bcb487cc26dd0d5f7d97098a6c","hash":"485c684e6a1195fa2a79d43214e93c409c05605e"}
,"/Users/ryan/Desktop/Hack_Reactor/campaign-module/client/src/components/Support.jsx": {"path":"/Users/ryan/Desktop/Hack_Reactor/campaign-module/client/src/components/Support.jsx","statementMap":{"0":{"start":{"line":9,"column":2},"end":{"line":9,"column":15}},"1":{"start":{"line":10,"column":2},"end":{"line":15,"column":3}},"2":{"start":{"line":16,"column":2},"end":{"line":16,"column":61}},"3":{"start":{"line":20,"column":2},"end":{"line":43,"column":4}},"4":{"start":{"line":22,"column":16},"end":{"line":22,"column":28}},"5":{"start":{"line":23,"column":33},"end":{"line":23,"column":35}},"6":{"start":{"line":24,"column":30},"end":{"line":24,"column":32}},"7":{"start":{"line":25,"column":30},"end":{"line":25,"column":32}},"8":{"start":{"line":26,"column":27},"end":{"line":26,"column":29}},"9":{"start":{"line":27,"column":3},"end":{"line":37,"column":4}},"10":{"start":{"line":28,"column":4},"end":{"line":36,"column":5}},"11":{"start":{"line":29,"column":5},"end":{"line":29,"column":39}},"12":{"start":{"line":30,"column":11},"end":{"line":36,"column":5}},"13":{"start":{"line":31,"column":5},"end":{"line":31,"column":45}},"14":{"start":{"line":32,"column":5},"end":{"line":32,"column":42}},"15":{"start":{"line":34,"column":5},"end":{"line":34,"column":45}},"16":{"start":{"line":35,"column":5},"end":{"line":35,"column":42}},"17":{"start":{"line":38,"column":3},"end":{"line":38,"column":167}},"18":{"start":{"line":41,"column":3},"end":{"line":41,"column":45}},"19":{"start":{"line":42,"column":3},"end":{"line":42,"column":20}},"20":{"start":{"line":47,"column":2},"end":{"line":57,"column":3}}},"fnMap":{"0":{"name":"(anonymous_0)","decl":{"start":{"line":8,"column":1},"end":{"line":8,"column":2}},"loc":{"start":{"line":8,"column":19},"end":{"line":17,"column":2}},"line":8},"1":{"name":"(anonymous_1)","decl":{"start":{"line":19,"column":1},"end":{"line":19,"column":2}},"loc":{"start":{"line":19,"column":21},"end":{"line":44,"column":2}},"line":19},"2":{"name":"(anonymous_2)","decl":{"start":{"line":21,"column":8},"end":{"line":21,"column":9}},"loc":{"start":{"line":21,"column":19},"end":{"line":39,"column":3}},"line":21},"3":{"name":"(anonymous_3)","decl":{"start":{"line":40,"column":9},"end":{"line":40,"column":10}},"loc":{"start":{"line":40,"column":16},"end":{"line":43,"column":3}},"line":40},"4":{"name":"(anonymous_4)","decl":{"start":{"line":46,"column":1},"end":{"line":46,"column":2}},"loc":{"start":{"line":46,"column":10},"end":{"line":58,"column":2}},"line":46}},"branchMap":{"0":{"loc":{"start":{"line":28,"column":4},"end":{"line":36,"column":5}},"type":"if","locations":[{"start":{"line":28,"column":4},"end":{"line":36,"column":5}},{"start":{"line":28,"column":4},"end":{"line":36,"column":5}}],"line":28},"1":{"loc":{"start":{"line":30,"column":11},"end":{"line":36,"column":5}},"type":"if","locations":[{"start":{"line":30,"column":11},"end":{"line":36,"column":5}},{"start":{"line":30,"column":11},"end":{"line":36,"column":5}}],"line":30}},"s":{"0":1,"1":1,"2":1,"3":1,"4":0,"5":0,"6":0,"7":0,"8":0,"9":0,"10":0,"11":0,"12":0,"13":0,"14":0,"15":0,"16":0,"17":0,"18":1,"19":1,"20":1},"f":{"0":1,"1":1,"2":0,"3":1,"4":1},"b":{"0":[0,0],"1":[0,0]},"_coverageSchema":"332fd63041d2c1bcb487cc26dd0d5f7d97098a6c","hash":"dd22551705e05d98c09fd9a250c3cac4dec0569c"}
}
