TN:
SF:/Users/ryan/Desktop/Hack_Reactor/campaign-module/test-setup.js
FNF:0
FNH:0
DA:4,8
LF:1
LH:1
BRF:0
BRH:0
end_of_record
TN:
SF:/Users/ryan/Desktop/Hack_Reactor/campaign-module/client/src/components/About.jsx
FN:6,(anonymous_0)
FN:13,(anonymous_1)
FN:15,(anonymous_2)
FN:18,(anonymous_3)
FN:23,(anonymous_4)
FNF:5
FNH:4
FNDA:1,(anonymous_0)
FNDA:1,(anonymous_1)
FNDA:0,(anonymous_2)
FNDA:1,(anonymous_3)
FNDA:1,(anonymous_4)
DA:7,1
DA:8,1
DA:14,1
DA:16,0
DA:19,1
DA:24,1
LF:6
LH:5
BRF:0
BRH:0
end_of_record
TN:
SF:/Users/ryan/Desktop/Hack_Reactor/campaign-module/client/src/components/CurrentLevels.jsx
FN:5,CurrentLevels
FN:8,(anonymous_1)
FN:9,(anonymous_2)
FNF:3
FNH:1
FNDA:1,CurrentLevels
FNDA:0,(anonymous_1)
FNDA:0,(anonymous_2)
DA:6,1
DA:9,0
DA:10,0
DA:12,0
LF:4
LH:1
BRDA:9,0,0,0
BRDA:9,0,1,0
BRF:2
BRH:0
end_of_record
TN:
SF:/Users/ryan/Desktop/Hack_Reactor/campaign-module/client/src/components/FullLevels.jsx
FN:6,FullLevels
FN:10,(anonymous_1)
FN:20,(anonymous_2)
FNF:3
FNH:1
FNDA:1,FullLevels
FNDA:0,(anonymous_1)
FNDA:0,(anonymous_2)
DA:7,1
DA:11,0
DA:20,0
LF:3
LH:1
BRF:0
BRH:0
end_of_record
TN:
SF:/Users/ryan/Desktop/Hack_Reactor/campaign-module/client/src/components/LevelBackersSection.jsx
FN:4,LevelBackersSection
FNF:1
FNH:0
FNDA:0,LevelBackersSection
DA:5,0
DA:6,0
DA:7,0
DA:15,0
DA:23,0
DA:24,0
DA:25,0
DA:36,0
DA:48,0
DA:49,0
DA:60,0
LF:11
LH:0
BRDA:5,0,0,0
BRDA:5,0,1,0
BRDA:6,1,0,0
BRDA:6,1,1,0
BRDA:23,2,0,0
BRDA:23,2,1,0
BRDA:24,3,0,0
BRDA:24,3,1,0
BRDA:48,4,0,0
BRDA:48,4,1,0
BRF:10
BRH:0
end_of_record
TN:
SF:/Users/ryan/Desktop/Hack_Reactor/campaign-module/client/src/components/Levels.jsx
FN:6,Levels
FNF:1
FNH:1
FNDA:1,Levels
DA:7,1
LF:1
LH:1
BRF:0
BRH:0
end_of_record
TN:
SF:/Users/ryan/Desktop/Hack_Reactor/campaign-module/client/src/components/PledgeBox.jsx
FN:8,(anonymous_0)
FN:21,(anonymous_1)
FN:25,(anonymous_2)
FN:29,(anonymous_3)
FN:36,(anonymous_4)
FN:42,(anonymous_5)
FN:46,(anonymous_6)
FN:51,(anonymous_7)
FNF:8
FNH:2
FNDA:1,(anonymous_0)
FNDA:0,(anonymous_1)
FNDA:0,(anonymous_2)
FNDA:0,(anonymous_3)
FNDA:0,(anonymous_4)
FNDA:0,(anonymous_5)
FNDA:0,(anonymous_6)
FNDA:1,(anonymous_7)
DA:9,1
DA:10,1
DA:15,1
DA:16,1
DA:17,1
DA:18,1
DA:22,0
DA:26,0
DA:31,0
DA:37,0
DA:38,0
DA:39,0
DA:40,0
DA:41,0
DA:44,0
DA:47,0
DA:52,1
LF:17
LH:7
BRDA:62,0,0,0
BRDA:62,0,1,1
BRF:2
BRH:1
end_of_record
TN:
SF:/Users/ryan/Desktop/Hack_Reactor/campaign-module/client/src/components/PledgeInputArea.jsx
FN:7,(anonymous_0)
FN:14,(anonymous_1)
FN:18,(anonymous_2)
FN:22,(anonymous_3)
FN:30,(anonymous_4)
FN:32,(anonymous_5)
FNF:6
FNH:3
FNDA:1,(anonymous_0)
FNDA:1,(anonymous_1)
FNDA:0,(anonymous_2)
FNDA:0,(anonymous_3)
FNDA:1,(anonymous_4)
FNDA:0,(anonymous_5)
DA:8,1
DA:9,1
DA:11,1
DA:15,1
DA:19,0
DA:23,0
DA:24,0
DA:26,0
DA:31,1
DA:32,0
LF:10
LH:5
BRDA:23,0,0,0
BRDA:23,0,1,0
BRDA:34,1,0,0
BRDA:34,1,1,1
BRDA:35,2,0,0
BRDA:35,2,1,1
BRF:6
BRH:2
end_of_record
TN:
SF:/Users/ryan/Desktop/Hack_Reactor/campaign-module/client/src/components/SingleCurrentLevel.jsx
FN:6,SingleCurrentLevel
FN:16,(anonymous_1)
FNF:2
FNH:1
FNDA:1,SingleCurrentLevel
FNDA:0,(anonymous_1)
DA:7,1
DA:16,0
LF:2
LH:1
BRF:0
BRH:0
end_of_record
TN:
SF:/Users/ryan/Desktop/Hack_Reactor/campaign-module/client/src/components/Support.jsx
FN:8,(anonymous_0)
FN:19,(anonymous_1)
FN:21,(anonymous_2)
FN:40,(anonymous_3)
FN:46,(anonymous_4)
FNF:5
FNH:4
FNDA:1,(anonymous_0)
FNDA:1,(anonymous_1)
FNDA:0,(anonymous_2)
FNDA:1,(anonymous_3)
FNDA:1,(anonymous_4)
DA:9,1
DA:10,1
DA:16,1
DA:20,1
DA:22,0
DA:23,0
DA:24,0
DA:25,0
DA:26,0
DA:27,0
DA:28,0
DA:29,0
DA:30,0
DA:31,0
DA:32,0
DA:34,0
DA:35,0
DA:38,0
DA:41,1
DA:42,1
DA:47,1
LF:21
LH:7
BRDA:28,0,0,0
BRDA:28,0,1,0
BRDA:30,1,0,0
BRDA:30,1,1,0
BRF:4
BRH:0
end_of_record
